<?xml version="1.0" encoding="UTF-8"?>
<testsuite xmlns:xsi="http://www.w3.org/2001/XMLSchema-instance" xsi:noNamespaceSchemaLocation="https://maven.apache.org/surefire/maven-surefire-plugin/xsd/surefire-test-report-3.0.xsd" version="3.0" name="dk.sdu.cbse.collisionsystem.CollisionDetectorTest" time="0.102" tests="9" errors="0" skipped="0" failures="0">
  <properties>
[...]
</properties>
  <testcase name="bulletIsRemovedEvenWhenAsteroidAlreadyDestroyed" classname="dk.sdu.cbse.collisionsystem.CollisionDetectorTest" time="0.038"/>
  <testcase name="bulletHitsAsteroidButDoesNotKillShouldNotAddPoint" classname="dk.sdu.cbse.collisionsystem.CollisionDetectorTest" time="0.0"/>
  <testcase name="oneBulletShouldDestroyOnlyOneAsteroid" classname="dk.sdu.cbse.collisionsystem.CollisionDetectorTest" time="0.0"/>
  <testcase name="noCollisionShouldNotAddPoint" classname="dk.sdu.cbse.collisionsystem.CollisionDetectorTest" time="0.0"/>
  <testcase name="playerHitsAsteroidShouldNotAddPoint" classname="dk.sdu.cbse.collisionsystem.CollisionDetectorTest" time="0.0"/>
  <testcase name="bulletKillsAsteroidShouldAddPoint" classname="dk.sdu.cbse.collisionsystem.CollisionDetectorTest" time="0.0"/>
  <testcase name="playerHitsAsteroidShouldReducePlayerHealth" classname="dk.sdu.cbse.collisionsystem.CollisionDetectorTest" time="0.0"/>
  <testcase name="bulletKillsAsteroidShouldRemoveAsteroidFromWorld" classname="dk.sdu.cbse.collisionsystem.CollisionDetectorTest" time="0.0"/>
  <testcase name="bulletKillsEnemyShouldAddPoint" classname="dk.sdu.cbse.collisionsystem.CollisionDetectorTest" time="0.0"/>
</testsuite>