<?xml version="1.0" encoding="UTF-8"?>
<testsuite xmlns:xsi="http://www.w3.org/2001/XMLSchema-instance" xsi:noNamespaceSchemaLocation="https://maven.apache.org/surefire/maven-surefire-plugin/xsd/surefire-test-report-3.0.xsd" version="3.0" name="dk.sdu.cbse.scoreservice.ScoreServiceClientIntegrationTest" time="3.475" tests="6" errors="0" skipped="0" failures="0">
  <properties>
[...]
</properties>
  <testcase name="freshServiceReportsZero" classname="dk.sdu.cbse.scoreservice.ScoreServiceClientIntegrationTest" time="0.768">
    <system-out><![CDATA[11:08:28.608 [main] INFO org.springframework.test.context.support.AnnotationConfigContextLoaderUtils -- Could not detect default configuration classes for test class [dk.sdu.cbse.scoreservice.ScoreServiceClientIntegrationTest]: ScoreServiceClientIntegrationTest does not declare any static, non-private, non-final, nested classes annotated with @Configuration.
11:08:28.797 [main] INFO org.springframework.boot.test.context.SpringBootTestContextBootstrapper -- Found @SpringBootConfiguration dk.sdu.cbse.scoreservice.ScoreServiceApplication for test class dk.sdu.cbse.scoreservice.ScoreServiceClientIntegrationTest

  .   ____          _            __ _ _
 /\\ / ___'_ __ _ _(_)_ __  __ _ \ \ \ \
( ( )\___ | '_ | '_| | '_ \/ _` | \ \ \ \
 \\/  ___)| |_)| | | | | || (_| |  ) ) ) )
  '  |____| .__|_| |_|_| |_\__, | / / / /
 =========|_|==============|___/=/_/_/_/
 :: Spring Boot ::                (v3.2.3)

2026-06-02T11:08:29.292+02:00  INFO 16644 --- [ScoreService] [           main] .s.c.s.ScoreServiceClientIntegrationTest : Starting ScoreServiceClientIntegrationTest using Java 25.0.2 with PID 16644 (started by nikla in C:\Users\nikla\IdeaProjects\AsteroideSpilFX\AsteroidsFX\ScoreService)
2026-06-02T11:08:29.295+02:00  INFO 16644 --- [ScoreService] [           main] .s.c.s.ScoreServiceClientIntegrationTest : No active profile set, falling back to 1 default profile: "default"
2026-06-02T11:08:30.419+02:00  INFO 16644 --- [ScoreService] [           main] o.s.b.w.embedded.tomcat.TomcatWebServer  : Tomcat initialized with port 0 (http)
2026-06-02T11:08:30.432+02:00  INFO 16644 --- [ScoreService] [           main] o.apache.catalina.core.StandardService   : Starting service [Tomcat]
2026-06-02T11:08:30.433+02:00  INFO 16644 --- [ScoreService] [           main] o.apache.catalina.core.StandardEngine    : Starting Servlet engine: [Apache Tomcat/10.1.19]
2026-06-02T11:08:30.500+02:00  INFO 16644 --- [ScoreService] [           main] o.a.c.c.C.[Tomcat].[localhost].[/]       : Initializing Spring embedded WebApplicationContext
2026-06-02T11:08:30.501+02:00  INFO 16644 --- [ScoreService] [           main] w.s.c.ServletWebServerApplicationContext : Root WebApplicationContext: initialization completed in 1174 ms
2026-06-02T11:08:30.994+02:00  INFO 16644 --- [ScoreService] [           main] o.s.b.w.embedded.tomcat.TomcatWebServer  : Tomcat started on port 50916 (http) with context path ''
2026-06-02T11:08:31.005+02:00  INFO 16644 --- [ScoreService] [           main] .s.c.s.ScoreServiceClientIntegrationTest : Started ScoreServiceClientIntegrationTest in 2.036 seconds (process running for 3.261)
2026-06-02T11:08:31.713+02:00  INFO 16644 --- [ScoreService] [o-auto-1-exec-1] o.a.c.c.C.[Tomcat].[localhost].[/]       : Initializing Spring DispatcherServlet 'dispatcherServlet'
2026-06-02T11:08:31.714+02:00  INFO 16644 --- [ScoreService] [o-auto-1-exec-1] o.s.web.servlet.DispatcherServlet        : Initializing Servlet 'dispatcherServlet'
2026-06-02T11:08:31.715+02:00  INFO 16644 --- [ScoreService] [o-auto-1-exec-1] o.s.web.servlet.DispatcherServlet        : Completed initialization in 1 ms
]]></system-out>
    <system-err><![CDATA[WARNING: A Java agent has been loaded dynamically (C:\Users\nikla\.m2\repository\net\bytebuddy\byte-buddy-agent\1.14.12\byte-buddy-agent-1.14.12.jar)
WARNING: If a serviceability tool is in use, please run with -XX:+EnableDynamicAgentLoading to hide this warning
WARNING: If a serviceability tool is not in use, please run with -Djdk.instrument.traceUsage for more information
WARNING: Dynamic loading of agents will be disallowed by default in a future release
]]></system-err>
  </testcase>
  <testcase name="addPointPersistsOnService" classname="dk.sdu.cbse.scoreservice.ScoreServiceClientIntegrationTest" time="0.024"/>
  <testcase name="deductPointPersistsOnService" classname="dk.sdu.cbse.scoreservice.ScoreServiceClientIntegrationTest" time="0.029"/>
  <testcase name="deductIsFlooredAtZeroOnService" classname="dk.sdu.cbse.scoreservice.ScoreServiceClientIntegrationTest" time="0.013"/>
  <testcase name="resetClearsScoreOnService" classname="dk.sdu.cbse.scoreservice.ScoreServiceClientIntegrationTest" time="0.025"/>
  <testcase name="independentClientSeesSharedServerState" classname="dk.sdu.cbse.scoreservice.ScoreServiceClientIntegrationTest" time="0.02"/>
</testsuite>